JUnit version 4.13.2
.E.E.E...E
Time: 1.276
There were 4 failures:
1) testMergeAlreadySorted(TestListExamples)
org.junit.runners.model.TestTimedOutException: test timed out after 500 milliseconds
	at java.base@17.0.6/java.util.Arrays.copyOf(Arrays.java:3512)
	at java.base@17.0.6/java.util.Arrays.copyOf(Arrays.java:3481)
	at java.base@17.0.6/java.util.ArrayList.grow(ArrayList.java:237)
	at java.base@17.0.6/java.util.ArrayList.grow(ArrayList.java:244)
	at java.base@17.0.6/java.util.ArrayList.add(ArrayList.java:454)
	at java.base@17.0.6/java.util.ArrayList.add(ArrayList.java:467)
	at app//ListExamples.merge(ListExamples.java:42)
	at app//TestListExamples.testMergeAlreadySorted(TestListExamples.java:27)
2) testFilterWithMatch(TestListExamples)
java.lang.AssertionError: expected:<[Moon, moon]> but was:<[moon, Moon]>
	at org.junit.Assert.fail(Assert.java:89)
	at org.junit.Assert.failNotEquals(Assert.java:835)
	at org.junit.Assert.assertEquals(Assert.java:120)
	at org.junit.Assert.assertEquals(Assert.java:146)
	at TestListExamples.testFilterWithMatch(TestListExamples.java:69)
3) testMergeRightEnd(TestListExamples)
org.junit.runners.model.TestTimedOutException: test timed out after 500 milliseconds
	at java.base@17.0.6/java.util.Arrays.copyOf(Arrays.java:3512)
	at java.base@17.0.6/java.util.Arrays.copyOf(Arrays.java:3481)
	at java.base@17.0.6/java.util.ArrayList.grow(ArrayList.java:237)
	at java.base@17.0.6/java.util.ArrayList.grow(ArrayList.java:244)
	at java.base@17.0.6/java.util.ArrayList.add(ArrayList.java:454)
	at java.base@17.0.6/java.util.ArrayList.add(ArrayList.java:467)
	at app//ListExamples.merge(ListExamples.java:42)
	at app//TestListExamples.testMergeRightEnd(TestListExamples.java:18)
4) testFilterInvalidInput(TestListExamples)
java.lang.AssertionError: expected java.lang.NullPointerException to be thrown, but nothing was thrown
	at org.junit.Assert.assertThrows(Assert.java:1028)
	at org.junit.Assert.assertThrows(Assert.java:981)
	at TestListExamples.testFilterInvalidInput(TestListExamples.java:39)

FAILURES!!!
Tests run: 6,  Failures: 4

